make all --print-data-base --no-builtin-variables --no-builtin-rules --question
# GNU Make 3.81
# Copyright (C) 2006  Free Software Foundation, Inc.
# This is free software; see the source for copying conditions.
# There is NO warranty; not even for MERCHANTABILITY or FITNESS FOR A
# PARTICULAR PURPOSE.

# This program built for i386-apple-darwin11.3.0
 

# Make data base, printed on Thu Jul  7 20:34:38 2022

# Variables

 
# automatic
<D = $(patsubst %/,%,$(dir $<))
# automatic
?F = $(notdir $?)
# environment
VSCODE_LOG_NATIVE = false
# automatic
?D = $(patsubst %/,%,$(dir $?))
# automatic
@D = $(patsubst %/,%,$(dir $@))
# automatic
@F = $(notdir $@)
# makefile
CURDIR := /Users/qsergean/school21/philosophers/philo_bonus
# makefile
SHELL = /bin/sh
# makefile (from `Makefile', line 42)
RM = rm -rf
# environment
VSCODE_NLS_CONFIG = {"locale":"en-us","availableLanguages":{},"_languagePackSupport":true}
# environment
_ = /usr/bin/make
# makefile (from `Makefile', line 41)
CFLAGS = -Wall -Wextra -Werror -g -fsanitize=thread
# makefile (from `Makefile', line 1)
MAKEFILE_LIST :=  Makefile
# makefile (from `Makefile', line 29)
SRCS = sources/philo_bonus.c		sources/ft_ll_atoi.c sources/lifestyle_bonus.c	sources/creators_bonus.c	sources/ft_atoi.c sources/ft_isdigit.c		sources/utils_bonus.c
# environment
VSCODE_VERBOSE_LOGGING = true
# makefile (from `Makefile', line 33)
OBJS = $(SRCS:.c=.o)
# environment
VSCODE_IPC_HOOK_EXTHOST = /var/folders/zz/zyxvpxvq6csfxvn_n00021vr000hfy/T/vscode-ipc-3caa109a-e559-40a0-890c-205d98a64e09.sock
# environment
VSCODE_CWD = /
# environment
Apple_PubSub_Socket_Render = /private/tmp/com.apple.launchd.I6WQZqCDst/Render
# environment
PATH = /Users/qsergean/.brew/bin:/usr/local/bin:/usr/bin:/bin:/usr/sbin:/sbin:/usr/local/go/bin:/usr/local/munki:/opt/X11/bin
# environment
LSCOLORS = Gxfxcxdxbxegedabagacad
# environment
VSCODE_LOG_STACK = false
# environment
ELECTRON_RUN_AS_NODE = 1
# default
.FEATURES := target-specific order-only second-expansion else-if archives jobserver check-symlink
# environment
SSH_AUTH_SOCK = /private/tmp/com.apple.launchd.IXBKLcmxOh/Listeners
# automatic
%F = $(notdir $%)
# environment
HOMEBREW_TEMP = /tmp/qsergean/Homebrew/Temp
# environment
DISPLAY = /private/tmp/com.apple.launchd.BmmTgGZGgO/org.xquartz:0
# environment
VSCODE_PIPE_LOGGING = true
# environment
PWD = /Users/qsergean/school21/philosophers/philo_bonus
# environment
ORIGINAL_XDG_CURRENT_DESKTOP = undefined
# environment
VSCODE_AMD_ENTRYPOINT = vs/workbench/api/node/extensionHostProcess
# environment
HOME = /Users/qsergean
# default
MAKEFILEPATH := /Applications/Xcode.app/Contents/Developer/Makefiles
# environment
VSCODE_CODE_CACHE_PATH = /Users/qsergean/Library/Application Support/Code/CachedData/30d9c6cd9483b2cc586687151bcbcd635f373630
# environment
LOGNAME = qsergean
# environment
APPLICATION_INSIGHTS_NO_DIAGNOSTIC_CHANNEL = 1
# environment
ZSH = /Users/qsergean/.oh-my-zsh
# environment
VSCODE_HANDLES_UNCAUGHT_ERRORS = true
# automatic
^D = $(patsubst %/,%,$(dir $^))
# environment
XPC_FLAGS = 0x0
# makefile (from `Makefile', line 35)
MAKE = Makefile
# default
MAKECMDGOALS := all
# environment
HOMEBREW_CACHE = /tmp/qsergean/Homebrew/Caches
# environment
SHLVL = 1
# makefile (from `Makefile', line 40)
CC = cc
# default
MAKE_VERSION := 3.81
# environment
USER = qsergean
# makefile
.DEFAULT_GOAL := all
# makefile (from `Makefile', line 38)
LIBR = ranlib
# makefile (from `Makefile', line 27)
NAME = philo_bonus
# environment
LESS = -R
# automatic
%D = $(patsubst %/,%,$(dir $%))
# default
MAKE_COMMAND := /Applications/Xcode.app/Contents/Developer/usr/bin/make
# default
.VARIABLES := 
# environment
TMPDIR = /var/folders/zz/zyxvpxvq6csfxvn_n00021vr000hfy/T/
# automatic
*F = $(notdir $*)
# environment
VSCODE_IPC_HOOK = /Users/qsergean/Library/Application Support/Code/1.68.1-main.sock
# makefile
MAKEFLAGS = Rrqp
# environment
MFLAGS = -Rrqp
# automatic
*D = $(patsubst %/,%,$(dir $*))
# environment
XPC_SERVICE_NAME = com.apple.xpc.launchd.oneshot.0x10000001.Electron
# automatic
+D = $(patsubst %/,%,$(dir $+))
# automatic
+F = $(notdir $+)
# environment
__CF_USER_TEXT_ENCODING = 0x41DE:0x0:0x0
# environment
COMMAND_MODE = unix2003
# default
MAKEFILES := 
# automatic
<F = $(notdir $<)
# environment
PAGER = less
# environment
LC_ALL = C
# makefile (from `Makefile', line 37)
LIBC = ar rc
# makefile (from `Makefile', line 34)
HEADER = includes/philo_bonus.h
# environment
SECURITYSESSIONID = 186a8
# automatic
^F = $(notdir $^)
# default
SUFFIXES := 
# default
.INCLUDE_DIRS = /usr/local/include
# environment
MAKELEVEL := 0
# environment
LANG = C
# environment
VSCODE_PID = 1022
# variable set hash-table stats:
# Load=79/1024=8%, Rehash=0, Collisions=5/110=5%

# Pattern-specific Variable Values

# No pattern-specific variable values.

# Directories

# . (device 16777227, inode 239329): 8 files, no impossibilities.
# sources (device 16777227, inode 279824): 15 files, no impossibilities so far.
# includes (device 16777227, inode 279820): 3 files, no impossibilities so far.

# 26 files, no impossibilities in 3 directories.

# Implicit Rules

%.o: %.c includes/philo_bonus.h Makefile
#  commands to execute (from `Makefile', line 45):
	${CC} ${CFLAGS} -c $< -o $@ 
	

# 1 implicit rules, 0 (0.0%) terminal.

# Files

# Not a target:
sources/utils_bonus.c:
#  Implicit rule search has been done.
#  Last modified 2022-07-03 23:31:50
#  File has been updated.
#  Successfully updated.
# variable set hash-table stats:
# Load=0/32=0%, Rehash=0, Collisions=0/0=0%

 
# Not a target:
sources/ft_isdigit.c:
#  Implicit rule search has been done.
#  Last modified 2022-06-30 20:16:55
#  File has been updated.
#  Successfully updated.
# variable set hash-table stats:
# Load=0/32=0%, Rehash=0, Collisions=0/0=0%

all: philo_bonus
#  Phony target (prerequisite of .PHONY).
#  Command-line target.
#  Implicit rule search has not been done.
#  File does not exist.
#  File has been updated.
#  Successfully updated.
# variable set hash-table stats:
# Load=0/32=0%, Rehash=0, Collisions=0/0=0%

.PHONY: all clean fclean re .c.o
#  Implicit rule search has not been done.
#  Modification time never checked.
#  File has not been updated.

# Not a target:
sources/creators_bonus.c:
#  Implicit rule search has been done.
#  Last modified 2022-07-07 20:08:50
#  File has been updated.
#  Successfully updated.
# variable set hash-table stats:
# Load=0/32=0%, Rehash=0, Collisions=0/0=0%

sources/lifestyle_bonus.o: sources/lifestyle_bonus.c includes/philo_bonus.h Makefile
#  Implicit rule search has been done.
#  Implicit/static pattern stem: `sources/lifestyle_bonus'
#  Last modified 2022-07-07 20:19:19
#  File has been updated.
#  Successfully updated.
# variable set hash-table stats:
# Load=0/32=0%, Rehash=0, Collisions=0/0=0%
#  commands to execute (from `Makefile', line 45):
	${CC} ${CFLAGS} -c $< -o $@ 
	

# Not a target:
.SUFFIXES:
#  Implicit rule search has not been done.
#  Modification time never checked.
#  File has not been updated.

# Not a target:
Makefile:
#  Implicit rule search has been done.
#  Last modified 2022-07-07 20:03:35
#  File has been updated.
#  Successfully updated.
# variable set hash-table stats:
# Load=0/32=0%, Rehash=0, Collisions=0/0=0%

# Not a target:
includes/philo_bonus.h:
#  Implicit rule search has been done.
#  Last modified 2022-07-07 20:04:52
#  File has been updated.
#  Successfully updated.
# variable set hash-table stats:
# Load=0/32=0%, Rehash=0, Collisions=0/0=0%

.c.o:
#  Phony target (prerequisite of .PHONY).
#  Implicit rule search has not been done.
#  File does not exist.
#  File has not been updated.

fclean: clean
#  Phony target (prerequisite of .PHONY).
#  Implicit rule search has not been done.
#  File does not exist.
#  File has not been updated.
#  commands to execute (from `Makefile', line 56):
	${RM} ${NAME}
	

sources/ft_ll_atoi.o: sources/ft_ll_atoi.c includes/philo_bonus.h Makefile
#  Implicit rule search has been done.
#  Implicit/static pattern stem: `sources/ft_ll_atoi'
#  Last modified 2022-07-07 20:19:19
#  File has been updated.
#  Successfully updated.
# variable set hash-table stats:
# Load=0/32=0%, Rehash=0, Collisions=0/0=0%
#  commands to execute (from `Makefile', line 45):
	${CC} ${CFLAGS} -c $< -o $@ 
	

sources/philo_bonus.o: sources/philo_bonus.c includes/philo_bonus.h Makefile
#  Implicit rule search has been done.
#  Implicit/static pattern stem: `sources/philo_bonus'
#  Last modified 2022-07-07 20:19:19
#  File has been updated.
#  Successfully updated.
# variable set hash-table stats:
# Load=0/32=0%, Rehash=0, Collisions=0/0=0%
#  commands to execute (from `Makefile', line 45):
	${CC} ${CFLAGS} -c $< -o $@ 
	

# Not a target:
sources/lifestyle_bonus.c:
#  Implicit rule search has been done.
#  Last modified 2022-07-07 20:15:22
#  File has been updated.
#  Successfully updated.
# variable set hash-table stats:
# Load=0/32=0%, Rehash=0, Collisions=0/0=0%

# Not a target:
.DEFAULT:
#  Implicit rule search has not been done.
#  Modification time never checked.
#  File has not been updated.

re: fclean all
#  Phony target (prerequisite of .PHONY).
#  Implicit rule search has not been done.
#  File does not exist.
#  File has not been updated.

sources/utils_bonus.o: sources/utils_bonus.c includes/philo_bonus.h Makefile
#  Implicit rule search has been done.
#  Implicit/static pattern stem: `sources/utils_bonus'
#  Last modified 2022-07-07 20:19:20
#  File has been updated.
#  Successfully updated.
# variable set hash-table stats:
# Load=0/32=0%, Rehash=0, Collisions=0/0=0%
#  commands to execute (from `Makefile', line 45):
	${CC} ${CFLAGS} -c $< -o $@ 
	

clean:
#  Phony target (prerequisite of .PHONY).
#  Implicit rule search has not been done.
#  File does not exist.
#  File has not been updated.
#  commands to execute (from `Makefile', line 53):
	${RM} ${OBJS}
	

sources/ft_isdigit.o: sources/ft_isdigit.c includes/philo_bonus.h Makefile
#  Implicit rule search has been done.
#  Implicit/static pattern stem: `sources/ft_isdigit'
#  Last modified 2022-07-07 20:19:20
#  File has been updated.
#  Successfully updated.
# variable set hash-table stats:
# Load=0/32=0%, Rehash=0, Collisions=0/0=0%
#  commands to execute (from `Makefile', line 45):
	${CC} ${CFLAGS} -c $< -o $@ 
	

# Not a target:
sources/ft_atoi.c:
#  Implicit rule search has been done.
#  Last modified 2022-06-30 20:16:52
#  File has been updated.
#  Successfully updated.
# variable set hash-table stats:
# Load=0/32=0%, Rehash=0, Collisions=0/0=0%

philo_bonus: sources/philo_bonus.o sources/ft_ll_atoi.o sources/lifestyle_bonus.o sources/creators_bonus.o sources/ft_atoi.o sources/ft_isdigit.o sources/utils_bonus.o
#  Implicit rule search has not been done.
#  Last modified 2022-07-07 20:19:20
#  File has been updated.
#  Successfully updated.
# variable set hash-table stats:
# Load=0/32=0%, Rehash=0, Collisions=0/0=0%
#  commands to execute (from `Makefile', line 50):
	$(CC) ${CFLAGS} -pthread -o $(NAME) $(OBJS)
	

sources/ft_atoi.o: sources/ft_atoi.c includes/philo_bonus.h Makefile
#  Implicit rule search has been done.
#  Implicit/static pattern stem: `sources/ft_atoi'
#  Last modified 2022-07-07 20:19:20
#  File has been updated.
#  Successfully updated.
# variable set hash-table stats:
# Load=0/32=0%, Rehash=0, Collisions=0/0=0%
#  commands to execute (from `Makefile', line 45):
	${CC} ${CFLAGS} -c $< -o $@ 
	

sources/creators_bonus.o: sources/creators_bonus.c includes/philo_bonus.h Makefile
#  Implicit rule search has been done.
#  Implicit/static pattern stem: `sources/creators_bonus'
#  Last modified 2022-07-07 20:19:20
#  File has been updated.
#  Successfully updated.
# variable set hash-table stats:
# Load=0/32=0%, Rehash=0, Collisions=0/0=0%
#  commands to execute (from `Makefile', line 45):
	${CC} ${CFLAGS} -c $< -o $@ 
	

# Not a target:
sources/ft_ll_atoi.c:
#  Implicit rule search has been done.
#  Last modified 2022-06-30 20:16:58
#  File has been updated.
#  Successfully updated.
# variable set hash-table stats:
# Load=0/32=0%, Rehash=0, Collisions=0/0=0%

# Not a target:
sources/philo_bonus.c:
#  Implicit rule search has been done.
#  Last modified 2022-07-07 20:14:25
#  File has been updated.
#  Successfully updated.
# variable set hash-table stats:
# Load=0/32=0%, Rehash=0, Collisions=0/0=0%

# files hash-table stats:
# Load=25/1024=2%, Rehash=0, Collisions=5/103=5%
# VPATH Search Paths

# No `vpath' search paths.

# No general (`VPATH' variable) search path.

# # of strings in strcache: 1
# # of strcache buffers: 1
# strcache size: total = 4096 / max = 4096 / min = 4096 / avg = 4096
# strcache free: total = 4087 / max = 4087 / min = 4087 / avg = 4087

# Finished Make data base on Thu Jul  7 20:34:38 2022

 
